<?xml version="1.0" encoding="UTF-8"?>
<!-- Generated by org.testng.reporters.JUnitReportReporter -->
<testsuite hostname="Onkar-Desktop" failures="0" tests="2" name="runner.RunSupport" time="12.899" errors="0" timestamp="2023-05-10T12:11:56 IST" skipped="0">
  <testcase classname="runner.RunSupport" name="runScenario" time="10.374"/>
  <system-out/>
  <testcase classname="runner.RunSupport" name="runScenario" time="2.525"/>
  <system-out/>
</testsuite> <!-- runner.RunSupport -->
