<?xml version="1.0" encoding="UTF-8"?>
<!-- Generated by org.testng.reporters.JUnitReportReporter -->
<testsuite hostname="Onkar-Desktop" failures="0" tests="1" name="runner.Run1" time="20.316" errors="0" timestamp="2023-05-03T13:17:13 IST" skipped="0">
  <testcase classname="runner.Run1" name="runScenario" time="20.316"/>
  <system-out/>
</testsuite> <!-- runner.Run1 -->
