<?xml version="1.0" encoding="UTF-8"?>
<!-- Generated by org.testng.reporters.JUnitReportReporter -->
<testsuite hostname="Onkar-Desktop" failures="0" tests="5" name="runner.RunHome" time="37.669" errors="0" timestamp="2023-05-10T12:11:56 IST" skipped="0">
  <testcase classname="runner.RunHome" name="runScenario" time="23.172"/>
  <system-out/>
  <testcase classname="runner.RunHome" name="runScenario" time="4.671"/>
  <system-out/>
  <testcase classname="runner.RunHome" name="runScenario" time="5.733"/>
  <system-out/>
  <testcase classname="runner.RunHome" name="runScenario" time="1.213"/>
  <system-out/>
  <testcase classname="runner.RunHome" name="runScenario" time="2.880"/>
  <system-out/>
</testsuite> <!-- runner.RunHome -->
